[2025-08-19T18:03:25.425+0000] {local_task_job_runner.py:123} INFO - ::group::Pre task execution logs
[2025-08-19T18:03:25.444+0000] {taskinstance.py:2612} INFO - Dependencies all met for dep_context=non-requeueable deps ti=<TaskInstance: dbt_workflow.dbt_run scheduled__2025-08-18T00:00:00+00:00 [queued]>
[2025-08-19T18:03:25.457+0000] {taskinstance.py:2612} INFO - Dependencies all met for dep_context=requeueable deps ti=<TaskInstance: dbt_workflow.dbt_run scheduled__2025-08-18T00:00:00+00:00 [queued]>
[2025-08-19T18:03:25.459+0000] {taskinstance.py:2865} INFO - Starting attempt 1 of 2
[2025-08-19T18:03:25.475+0000] {taskinstance.py:2888} INFO - Executing <Task(BashOperator): dbt_run> on 2025-08-18 00:00:00+00:00
[2025-08-19T18:03:25.484+0000] {warnings.py:112} WARNING - /home/***/.local/lib/python3.12/site-packages/***/task/task_runner/standard_task_runner.py:70: DeprecationWarning: This process (pid=63) is multi-threaded, use of fork() may lead to deadlocks in the child.
  pid = os.fork()

[2025-08-19T18:03:25.487+0000] {standard_task_runner.py:72} INFO - Started process 75 to run task
[2025-08-19T18:03:25.487+0000] {standard_task_runner.py:104} INFO - Running: ['***', 'tasks', 'run', 'dbt_workflow', 'dbt_run', 'scheduled__2025-08-18T00:00:00+00:00', '--job-id', '10', '--raw', '--subdir', 'DAGS_FOLDER/dbt_dag.py', '--cfg-path', '/tmp/tmpthox8o55']
[2025-08-19T18:03:25.488+0000] {standard_task_runner.py:105} INFO - Job 10: Subtask dbt_run
[2025-08-19T18:03:25.600+0000] {task_command.py:467} INFO - Running <TaskInstance: dbt_workflow.dbt_run scheduled__2025-08-18T00:00:00+00:00 [running]> on host f768a72e344e
[2025-08-19T18:03:25.686+0000] {taskinstance.py:3131} INFO - Exporting env vars: AIRFLOW_CTX_DAG_OWNER='***' AIRFLOW_CTX_DAG_ID='dbt_workflow' AIRFLOW_CTX_TASK_ID='dbt_run' AIRFLOW_CTX_EXECUTION_DATE='2025-08-18T00:00:00+00:00' AIRFLOW_CTX_TRY_NUMBER='1' AIRFLOW_CTX_DAG_RUN_ID='scheduled__2025-08-18T00:00:00+00:00'
[2025-08-19T18:03:25.688+0000] {logging_mixin.py:190} INFO - Task instance is in running state
[2025-08-19T18:03:25.688+0000] {logging_mixin.py:190} INFO -  Previous state of the Task instance: queued
[2025-08-19T18:03:25.688+0000] {logging_mixin.py:190} INFO - Current task name:dbt_run state:running start_date:2025-08-19 18:03:25.444867+00:00
[2025-08-19T18:03:25.689+0000] {logging_mixin.py:190} INFO - Dag name:dbt_workflow and current dag run status:running
[2025-08-19T18:03:25.689+0000] {taskinstance.py:731} INFO - ::endgroup::
[2025-08-19T18:03:25.690+0000] {subprocess.py:63} INFO - Tmp dir root location: /tmp
[2025-08-19T18:03:25.692+0000] {subprocess.py:75} INFO - Running command: ['/usr/bin/bash', '-c', 'cd /opt/***/dwh_project && dbt run']
[2025-08-19T18:03:25.707+0000] {subprocess.py:86} INFO - Output:
[2025-08-19T18:03:28.865+0000] {subprocess.py:93} INFO - [0m18:03:28  Running with dbt=1.9.0
[2025-08-19T18:03:30.483+0000] {subprocess.py:93} INFO - [0m18:03:30  Registered adapter: snowflake=1.9.0
[2025-08-19T18:03:30.985+0000] {subprocess.py:93} INFO - [0m18:03:30  Unable to do partial parsing because of a version mismatch
[2025-08-19T18:03:35.867+0000] {subprocess.py:93} INFO - [0m18:03:35  Found 7 models, 22 data tests, 2 sources, 473 macros
[2025-08-19T18:03:35.870+0000] {subprocess.py:93} INFO - [0m18:03:35
[2025-08-19T18:03:35.871+0000] {subprocess.py:93} INFO - [0m18:03:35  Concurrency: 4 threads (target='dev')
[2025-08-19T18:03:35.871+0000] {subprocess.py:93} INFO - [0m18:03:35
[2025-08-19T18:03:42.864+0000] {subprocess.py:93} INFO - [0m18:03:42  1 of 7 START sql view model RAW.stg_databefore ................................. [RUN]
[2025-08-19T18:03:47.316+0000] {subprocess.py:93} INFO - [0m18:03:47  1 of 7 OK created sql view model RAW.stg_databefore ............................ [[32mSUCCESS 1[0m in 4.45s]
[2025-08-19T18:03:47.325+0000] {subprocess.py:93} INFO - [0m18:03:47  2 of 7 START sql view model RAW.Dim_Game ....................................... [RUN]
[2025-08-19T18:03:47.326+0000] {subprocess.py:93} INFO - [0m18:03:47  3 of 7 START sql view model RAW.Dim_Genre ...................................... [RUN]
[2025-08-19T18:03:47.327+0000] {subprocess.py:93} INFO - [0m18:03:47  4 of 7 START sql view model RAW.Dim_Platform ................................... [RUN]
[2025-08-19T18:03:47.328+0000] {subprocess.py:93} INFO - [0m18:03:47  5 of 7 START sql view model RAW.Dim_Publisher .................................. [RUN]
[2025-08-19T18:03:48.209+0000] {subprocess.py:93} INFO - [0m18:03:48  5 of 7 OK created sql view model RAW.Dim_Publisher ............................. [[32mSUCCESS 1[0m in 0.88s]
[2025-08-19T18:03:48.212+0000] {subprocess.py:93} INFO - [0m18:03:48  6 of 7 START sql view model RAW.Dim_Year ....................................... [RUN]
[2025-08-19T18:03:48.865+0000] {subprocess.py:93} INFO - [0m18:03:48  6 of 7 OK created sql view model RAW.Dim_Year .................................. [[32mSUCCESS 1[0m in 0.65s]
[2025-08-19T18:03:49.137+0000] {subprocess.py:93} INFO - [0m18:03:49  4 of 7 OK created sql view model RAW.Dim_Platform .............................. [[32mSUCCESS 1[0m in 1.80s]
[2025-08-19T18:03:49.139+0000] {subprocess.py:93} INFO - [0m18:03:49  3 of 7 OK created sql view model RAW.Dim_Genre ................................. [[32mSUCCESS 1[0m in 1.81s]
[2025-08-19T18:03:49.327+0000] {subprocess.py:93} INFO - [0m18:03:49  2 of 7 OK created sql view model RAW.Dim_Game .................................. [[32mSUCCESS 1[0m in 2.00s]
[2025-08-19T18:03:49.331+0000] {subprocess.py:93} INFO - [0m18:03:49  7 of 7 START sql view model RAW.Fact_Sales ..................................... [RUN]
[2025-08-19T18:03:50.853+0000] {subprocess.py:93} INFO - [0m18:03:50  7 of 7 OK created sql view model RAW.Fact_Sales ................................ [[32mSUCCESS 1[0m in 1.52s]
[2025-08-19T18:04:02.837+0000] {subprocess.py:93} INFO - [0m18:04:02
[2025-08-19T18:04:02.837+0000] {subprocess.py:93} INFO - [0m18:04:02  Finished running 7 view models in 0 hours 0 minutes and 26.96 seconds (26.96s).
[2025-08-19T18:04:03.007+0000] {subprocess.py:93} INFO - [0m18:04:03
[2025-08-19T18:04:03.008+0000] {subprocess.py:93} INFO - [0m18:04:03  [32mCompleted successfully[0m
[2025-08-19T18:04:03.008+0000] {subprocess.py:93} INFO - [0m18:04:03
[2025-08-19T18:04:03.009+0000] {subprocess.py:93} INFO - [0m18:04:03  Done. PASS=7 WARN=0 ERROR=0 SKIP=0 TOTAL=7
[2025-08-19T18:04:10.692+0000] {subprocess.py:97} INFO - Command exited with return code 0
[2025-08-19T18:04:10.721+0000] {taskinstance.py:340} INFO - ::group::Post task execution logs
[2025-08-19T18:04:10.722+0000] {taskinstance.py:352} INFO - Marking task as SUCCESS. dag_id=dbt_workflow, task_id=dbt_run, run_id=scheduled__2025-08-18T00:00:00+00:00, execution_date=20250818T000000, start_date=20250819T180325, end_date=20250819T180410
[2025-08-19T18:04:10.733+0000] {logging_mixin.py:190} INFO - Task instance in success state
[2025-08-19T18:04:10.733+0000] {logging_mixin.py:190} INFO -  Previous state of the Task instance: running
[2025-08-19T18:04:10.734+0000] {logging_mixin.py:190} INFO - Dag name:dbt_workflow queued_at:2025-08-19 18:03:10.272062+00:00
[2025-08-19T18:04:10.734+0000] {logging_mixin.py:190} INFO - Task hostname:f768a72e344e operator:BashOperator
[2025-08-19T18:04:10.754+0000] {local_task_job_runner.py:266} INFO - Task exited with return code 0
[2025-08-19T18:04:10.767+0000] {taskinstance.py:3900} INFO - 0 downstream tasks scheduled from follow-on schedule check
[2025-08-19T18:04:10.769+0000] {local_task_job_runner.py:245} INFO - ::endgroup::
