[2025-08-19T11:42:50.790+0000] {local_task_job_runner.py:123} INFO - ::group::Pre task execution logs
[2025-08-19T11:42:50.806+0000] {taskinstance.py:2612} INFO - Dependencies all met for dep_context=non-requeueable deps ti=<TaskInstance: dbt_workflow.dbt_run manual__2025-08-19T11:42:48.643779+00:00 [queued]>
[2025-08-19T11:42:50.813+0000] {taskinstance.py:2612} INFO - Dependencies all met for dep_context=requeueable deps ti=<TaskInstance: dbt_workflow.dbt_run manual__2025-08-19T11:42:48.643779+00:00 [queued]>
[2025-08-19T11:42:50.815+0000] {taskinstance.py:2865} INFO - Starting attempt 1 of 2
[2025-08-19T11:42:50.828+0000] {taskinstance.py:2888} INFO - Executing <Task(BashOperator): dbt_run> on 2025-08-19 11:42:48.643779+00:00
[2025-08-19T11:42:50.835+0000] {warnings.py:112} WARNING - /home/***/.local/lib/python3.12/site-packages/***/task/task_runner/standard_task_runner.py:70: DeprecationWarning: This process (pid=321) is multi-threaded, use of fork() may lead to deadlocks in the child.
  pid = os.fork()

[2025-08-19T11:42:50.837+0000] {standard_task_runner.py:72} INFO - Started process 323 to run task
[2025-08-19T11:42:50.838+0000] {standard_task_runner.py:104} INFO - Running: ['***', 'tasks', 'run', 'dbt_workflow', 'dbt_run', 'manual__2025-08-19T11:42:48.643779+00:00', '--job-id', '100', '--raw', '--subdir', 'DAGS_FOLDER/dbt_dag.py', '--cfg-path', '/tmp/tmpzr_ijwrb']
[2025-08-19T11:42:50.839+0000] {standard_task_runner.py:105} INFO - Job 100: Subtask dbt_run
[2025-08-19T11:42:50.905+0000] {task_command.py:467} INFO - Running <TaskInstance: dbt_workflow.dbt_run manual__2025-08-19T11:42:48.643779+00:00 [running]> on host ae4c81986ed9
[2025-08-19T11:42:50.986+0000] {taskinstance.py:3131} INFO - Exporting env vars: AIRFLOW_CTX_DAG_OWNER='***' AIRFLOW_CTX_DAG_ID='dbt_workflow' AIRFLOW_CTX_TASK_ID='dbt_run' AIRFLOW_CTX_EXECUTION_DATE='2025-08-19T11:42:48.643779+00:00' AIRFLOW_CTX_TRY_NUMBER='1' AIRFLOW_CTX_DAG_RUN_ID='manual__2025-08-19T11:42:48.643779+00:00'
[2025-08-19T11:42:50.988+0000] {logging_mixin.py:190} INFO - Task instance is in running state
[2025-08-19T11:42:50.989+0000] {logging_mixin.py:190} INFO -  Previous state of the Task instance: queued
[2025-08-19T11:42:50.990+0000] {logging_mixin.py:190} INFO - Current task name:dbt_run state:running start_date:2025-08-19 11:42:50.807183+00:00
[2025-08-19T11:42:50.990+0000] {logging_mixin.py:190} INFO - Dag name:dbt_workflow and current dag run status:running
[2025-08-19T11:42:50.991+0000] {taskinstance.py:731} INFO - ::endgroup::
[2025-08-19T11:42:50.992+0000] {subprocess.py:63} INFO - Tmp dir root location: /tmp
[2025-08-19T11:42:50.994+0000] {subprocess.py:75} INFO - Running command: ['/usr/bin/bash', '-c', 'cd /opt/***/dwh_project && dbt run']
[2025-08-19T11:42:51.006+0000] {subprocess.py:86} INFO - Output:
[2025-08-19T11:42:53.434+0000] {subprocess.py:93} INFO - [0m11:42:53  Running with dbt=1.9.0
[2025-08-19T11:42:54.789+0000] {subprocess.py:93} INFO - [0m11:42:54  Registered adapter: snowflake=1.9.0
[2025-08-19T11:42:55.474+0000] {subprocess.py:93} INFO - [0m11:42:55  Found 5 models, 2 data tests, 4 sources, 473 macros
[2025-08-19T11:42:55.477+0000] {subprocess.py:93} INFO - [0m11:42:55
[2025-08-19T11:42:55.478+0000] {subprocess.py:93} INFO - [0m11:42:55  Concurrency: 4 threads (target='dev')
[2025-08-19T11:42:55.478+0000] {subprocess.py:93} INFO - [0m11:42:55
[2025-08-19T11:42:58.249+0000] {subprocess.py:93} INFO - [0m11:42:58  1 of 5 START sql view model RAW.stg_customers .................................. [RUN]
[2025-08-19T11:42:58.250+0000] {subprocess.py:93} INFO - [0m11:42:58  2 of 5 START sql view model RAW.stg_order_items ................................ [RUN]
[2025-08-19T11:42:58.251+0000] {subprocess.py:93} INFO - [0m11:42:58  3 of 5 START sql view model RAW.stg_orders ..................................... [RUN]
[2025-08-19T11:42:58.252+0000] {subprocess.py:93} INFO - [0m11:42:58  4 of 5 START sql view model RAW.stg_products ................................... [RUN]
[2025-08-19T11:42:58.671+0000] {subprocess.py:93} INFO - [0m11:42:58  1 of 5 OK created sql view model RAW.stg_customers ............................. [[32mSUCCESS 1[0m in 0.42s]
[2025-08-19T11:42:59.128+0000] {subprocess.py:93} INFO - [0m11:42:59  4 of 5 OK created sql view model RAW.stg_products .............................. [[32mSUCCESS 1[0m in 0.87s]
[2025-08-19T11:42:59.134+0000] {subprocess.py:93} INFO - [0m11:42:59  2 of 5 OK created sql view model RAW.stg_order_items ........................... [[32mSUCCESS 1[0m in 0.88s]
[2025-08-19T11:42:59.198+0000] {subprocess.py:93} INFO - [0m11:42:59  3 of 5 OK created sql view model RAW.stg_orders ................................ [[32mSUCCESS 1[0m in 0.94s]
[2025-08-19T11:42:59.202+0000] {subprocess.py:93} INFO - [0m11:42:59  5 of 5 START sql table model RAW.fct_daily_order_revenue ....................... [RUN]
[2025-08-19T11:43:01.110+0000] {subprocess.py:93} INFO - [0m11:43:01  5 of 5 OK created sql table model RAW.fct_daily_order_revenue .................. [[32mSUCCESS 1[0m in 1.91s]
[2025-08-19T11:43:12.754+0000] {subprocess.py:93} INFO - [0m11:43:12
[2025-08-19T11:43:12.756+0000] {subprocess.py:93} INFO - [0m11:43:12  Finished running 1 table model, 4 view models in 0 hours 0 minutes and 17.27 seconds (17.27s).
[2025-08-19T11:43:12.828+0000] {subprocess.py:93} INFO - [0m11:43:12
[2025-08-19T11:43:12.828+0000] {subprocess.py:93} INFO - [0m11:43:12  [32mCompleted successfully[0m
[2025-08-19T11:43:12.830+0000] {subprocess.py:93} INFO - [0m11:43:12
[2025-08-19T11:43:12.831+0000] {subprocess.py:93} INFO - [0m11:43:12  Done. PASS=5 WARN=0 ERROR=0 SKIP=0 TOTAL=5
[2025-08-19T11:43:17.630+0000] {subprocess.py:97} INFO - Command exited with return code 0
[2025-08-19T11:43:17.656+0000] {taskinstance.py:340} INFO - ::group::Post task execution logs
[2025-08-19T11:43:17.657+0000] {taskinstance.py:352} INFO - Marking task as SUCCESS. dag_id=dbt_workflow, task_id=dbt_run, run_id=manual__2025-08-19T11:42:48.643779+00:00, execution_date=20250819T114248, start_date=20250819T114250, end_date=20250819T114317
[2025-08-19T11:43:17.666+0000] {logging_mixin.py:190} INFO - Task instance in success state
[2025-08-19T11:43:17.668+0000] {logging_mixin.py:190} INFO -  Previous state of the Task instance: running
[2025-08-19T11:43:17.669+0000] {logging_mixin.py:190} INFO - Dag name:dbt_workflow queued_at:2025-08-19 11:42:48.660774+00:00
[2025-08-19T11:43:17.670+0000] {logging_mixin.py:190} INFO - Task hostname:ae4c81986ed9 operator:BashOperator
[2025-08-19T11:43:17.698+0000] {local_task_job_runner.py:266} INFO - Task exited with return code 0
[2025-08-19T11:43:17.722+0000] {taskinstance.py:3900} INFO - 1 downstream tasks scheduled from follow-on schedule check
[2025-08-19T11:43:17.724+0000] {local_task_job_runner.py:245} INFO - ::endgroup::
