[2025-08-19T18:03:25.420+0000] {local_task_job_runner.py:123} INFO - ::group::Pre task execution logs
[2025-08-19T18:03:25.443+0000] {taskinstance.py:2612} INFO - Dependencies all met for dep_context=non-requeueable deps ti=<TaskInstance: dbt_workflow.dbt_run manual__2025-08-19T18:03:10.566838+00:00 [queued]>
[2025-08-19T18:03:25.462+0000] {taskinstance.py:2612} INFO - Dependencies all met for dep_context=requeueable deps ti=<TaskInstance: dbt_workflow.dbt_run manual__2025-08-19T18:03:10.566838+00:00 [queued]>
[2025-08-19T18:03:25.463+0000] {taskinstance.py:2865} INFO - Starting attempt 1 of 2
[2025-08-19T18:03:25.482+0000] {taskinstance.py:2888} INFO - Executing <Task(BashOperator): dbt_run> on 2025-08-19 18:03:10.566838+00:00
[2025-08-19T18:03:25.492+0000] {warnings.py:112} WARNING - /home/***/.local/lib/python3.12/site-packages/***/task/task_runner/standard_task_runner.py:70: DeprecationWarning: This process (pid=64) is multi-threaded, use of fork() may lead to deadlocks in the child.
  pid = os.fork()

[2025-08-19T18:03:25.497+0000] {standard_task_runner.py:72} INFO - Started process 76 to run task
[2025-08-19T18:03:25.498+0000] {standard_task_runner.py:104} INFO - Running: ['***', 'tasks', 'run', 'dbt_workflow', 'dbt_run', 'manual__2025-08-19T18:03:10.566838+00:00', '--job-id', '9', '--raw', '--subdir', 'DAGS_FOLDER/dbt_dag.py', '--cfg-path', '/tmp/tmpcce78up5']
[2025-08-19T18:03:25.501+0000] {standard_task_runner.py:105} INFO - Job 9: Subtask dbt_run
[2025-08-19T18:03:25.600+0000] {task_command.py:467} INFO - Running <TaskInstance: dbt_workflow.dbt_run manual__2025-08-19T18:03:10.566838+00:00 [running]> on host f768a72e344e
[2025-08-19T18:03:25.684+0000] {taskinstance.py:3131} INFO - Exporting env vars: AIRFLOW_CTX_DAG_OWNER='***' AIRFLOW_CTX_DAG_ID='dbt_workflow' AIRFLOW_CTX_TASK_ID='dbt_run' AIRFLOW_CTX_EXECUTION_DATE='2025-08-19T18:03:10.566838+00:00' AIRFLOW_CTX_TRY_NUMBER='1' AIRFLOW_CTX_DAG_RUN_ID='manual__2025-08-19T18:03:10.566838+00:00'
[2025-08-19T18:03:25.687+0000] {logging_mixin.py:190} INFO - Task instance is in running state
[2025-08-19T18:03:25.687+0000] {logging_mixin.py:190} INFO -  Previous state of the Task instance: queued
[2025-08-19T18:03:25.688+0000] {logging_mixin.py:190} INFO - Current task name:dbt_run state:running start_date:2025-08-19 18:03:25.444759+00:00
[2025-08-19T18:03:25.688+0000] {logging_mixin.py:190} INFO - Dag name:dbt_workflow and current dag run status:running
[2025-08-19T18:03:25.688+0000] {taskinstance.py:731} INFO - ::endgroup::
[2025-08-19T18:03:25.689+0000] {subprocess.py:63} INFO - Tmp dir root location: /tmp
[2025-08-19T18:03:25.691+0000] {subprocess.py:75} INFO - Running command: ['/usr/bin/bash', '-c', 'cd /opt/***/dwh_project && dbt run']
[2025-08-19T18:03:25.708+0000] {subprocess.py:86} INFO - Output:
[2025-08-19T18:03:28.867+0000] {subprocess.py:93} INFO - [0m18:03:28  Running with dbt=1.9.0
[2025-08-19T18:03:30.503+0000] {subprocess.py:93} INFO - [0m18:03:30  Registered adapter: snowflake=1.9.0
[2025-08-19T18:03:30.990+0000] {subprocess.py:93} INFO - [0m18:03:30  Unable to do partial parsing because of a version mismatch
[2025-08-19T18:03:35.866+0000] {subprocess.py:93} INFO - [0m18:03:35  Found 7 models, 22 data tests, 2 sources, 473 macros
[2025-08-19T18:03:35.870+0000] {subprocess.py:93} INFO - [0m18:03:35
[2025-08-19T18:03:35.870+0000] {subprocess.py:93} INFO - [0m18:03:35  Concurrency: 4 threads (target='dev')
[2025-08-19T18:03:35.871+0000] {subprocess.py:93} INFO - [0m18:03:35
[2025-08-19T18:03:42.278+0000] {subprocess.py:93} INFO - [0m18:03:42  1 of 7 START sql view model RAW.stg_databefore ................................. [RUN]
[2025-08-19T18:03:42.964+0000] {subprocess.py:93} INFO - [0m18:03:42  1 of 7 OK created sql view model RAW.stg_databefore ............................ [[32mSUCCESS 1[0m in 0.68s]
[2025-08-19T18:03:42.969+0000] {subprocess.py:93} INFO - [0m18:03:42  2 of 7 START sql view model RAW.Dim_Game ....................................... [RUN]
[2025-08-19T18:03:42.970+0000] {subprocess.py:93} INFO - [0m18:03:42  3 of 7 START sql view model RAW.Dim_Genre ...................................... [RUN]
[2025-08-19T18:03:42.971+0000] {subprocess.py:93} INFO - [0m18:03:42  4 of 7 START sql view model RAW.Dim_Platform ................................... [RUN]
[2025-08-19T18:03:42.973+0000] {subprocess.py:93} INFO - [0m18:03:42  5 of 7 START sql view model RAW.Dim_Publisher .................................. [RUN]
[2025-08-19T18:03:43.668+0000] {subprocess.py:93} INFO - [0m18:03:43  5 of 7 OK created sql view model RAW.Dim_Publisher ............................. [[32mSUCCESS 1[0m in 0.69s]
[2025-08-19T18:03:43.672+0000] {subprocess.py:93} INFO - [0m18:03:43  6 of 7 START sql view model RAW.Dim_Year ....................................... [RUN]
[2025-08-19T18:03:44.603+0000] {subprocess.py:93} INFO - [0m18:03:44  6 of 7 OK created sql view model RAW.Dim_Year .................................. [[32mSUCCESS 1[0m in 0.93s]
[2025-08-19T18:03:45.043+0000] {subprocess.py:93} INFO - [0m18:03:45  3 of 7 OK created sql view model RAW.Dim_Genre ................................. [[32mSUCCESS 1[0m in 2.07s]
[2025-08-19T18:03:45.061+0000] {subprocess.py:93} INFO - [0m18:03:45  4 of 7 OK created sql view model RAW.Dim_Platform .............................. [[32mSUCCESS 1[0m in 2.08s]
[2025-08-19T18:03:46.007+0000] {subprocess.py:93} INFO - [0m18:03:46  2 of 7 OK created sql view model RAW.Dim_Game .................................. [[32mSUCCESS 1[0m in 3.03s]
[2025-08-19T18:03:46.011+0000] {subprocess.py:93} INFO - [0m18:03:46  7 of 7 START sql view model RAW.Fact_Sales ..................................... [RUN]
[2025-08-19T18:03:49.544+0000] {subprocess.py:93} INFO - [0m18:03:49  7 of 7 OK created sql view model RAW.Fact_Sales ................................ [[32mSUCCESS 1[0m in 3.53s]
[2025-08-19T18:04:18.878+0000] {subprocess.py:93} INFO - [0m18:04:18
[2025-08-19T18:04:18.879+0000] {subprocess.py:93} INFO - [0m18:04:18  Finished running 7 view models in 0 hours 0 minutes and 43.01 seconds (43.01s).
[2025-08-19T18:04:18.945+0000] {subprocess.py:93} INFO - [0m18:04:18
[2025-08-19T18:04:18.946+0000] {subprocess.py:93} INFO - [0m18:04:18  [32mCompleted successfully[0m
[2025-08-19T18:04:18.946+0000] {subprocess.py:93} INFO - [0m18:04:18
[2025-08-19T18:04:18.947+0000] {subprocess.py:93} INFO - [0m18:04:18  Done. PASS=7 WARN=0 ERROR=0 SKIP=0 TOTAL=7
[2025-08-19T18:04:23.737+0000] {subprocess.py:97} INFO - Command exited with return code 0
[2025-08-19T18:04:23.761+0000] {taskinstance.py:340} INFO - ::group::Post task execution logs
[2025-08-19T18:04:23.762+0000] {taskinstance.py:352} INFO - Marking task as SUCCESS. dag_id=dbt_workflow, task_id=dbt_run, run_id=manual__2025-08-19T18:03:10.566838+00:00, execution_date=20250819T180310, start_date=20250819T180325, end_date=20250819T180423
[2025-08-19T18:04:23.772+0000] {logging_mixin.py:190} INFO - Task instance in success state
[2025-08-19T18:04:23.772+0000] {logging_mixin.py:190} INFO -  Previous state of the Task instance: running
[2025-08-19T18:04:23.773+0000] {logging_mixin.py:190} INFO - Dag name:dbt_workflow queued_at:2025-08-19 18:03:10.585403+00:00
[2025-08-19T18:04:23.773+0000] {logging_mixin.py:190} INFO - Task hostname:f768a72e344e operator:BashOperator
[2025-08-19T18:04:23.801+0000] {local_task_job_runner.py:266} INFO - Task exited with return code 0
[2025-08-19T18:04:23.816+0000] {taskinstance.py:3900} INFO - 0 downstream tasks scheduled from follow-on schedule check
[2025-08-19T18:04:23.818+0000] {local_task_job_runner.py:245} INFO - ::endgroup::
