[2025-08-19T11:46:13.453+0000] {local_task_job_runner.py:123} INFO - ::group::Pre task execution logs
[2025-08-19T11:46:13.470+0000] {taskinstance.py:2612} INFO - Dependencies all met for dep_context=non-requeueable deps ti=<TaskInstance: dbt_workflow.dbt_run manual__2025-08-19T11:41:08.795713+00:00 [queued]>
[2025-08-19T11:46:13.477+0000] {taskinstance.py:2612} INFO - Dependencies all met for dep_context=requeueable deps ti=<TaskInstance: dbt_workflow.dbt_run manual__2025-08-19T11:41:08.795713+00:00 [queued]>
[2025-08-19T11:46:13.478+0000] {taskinstance.py:2865} INFO - Starting attempt 2 of 2
[2025-08-19T11:46:13.491+0000] {taskinstance.py:2888} INFO - Executing <Task(BashOperator): dbt_run> on 2025-08-19 11:41:08.795713+00:00
[2025-08-19T11:46:13.499+0000] {warnings.py:112} WARNING - /home/***/.local/lib/python3.12/site-packages/***/task/task_runner/standard_task_runner.py:70: DeprecationWarning: This process (pid=497) is multi-threaded, use of fork() may lead to deadlocks in the child.
  pid = os.fork()

[2025-08-19T11:46:13.502+0000] {standard_task_runner.py:72} INFO - Started process 507 to run task
[2025-08-19T11:46:13.503+0000] {standard_task_runner.py:104} INFO - Running: ['***', 'tasks', 'run', 'dbt_workflow', 'dbt_run', 'manual__2025-08-19T11:41:08.795713+00:00', '--job-id', '102', '--raw', '--subdir', 'DAGS_FOLDER/dbt_dag.py', '--cfg-path', '/tmp/tmpqjjexi5j']
[2025-08-19T11:46:13.505+0000] {standard_task_runner.py:105} INFO - Job 102: Subtask dbt_run
[2025-08-19T11:46:13.562+0000] {task_command.py:467} INFO - Running <TaskInstance: dbt_workflow.dbt_run manual__2025-08-19T11:41:08.795713+00:00 [running]> on host ae4c81986ed9
[2025-08-19T11:46:13.638+0000] {taskinstance.py:3131} INFO - Exporting env vars: AIRFLOW_CTX_DAG_OWNER='***' AIRFLOW_CTX_DAG_ID='dbt_workflow' AIRFLOW_CTX_TASK_ID='dbt_run' AIRFLOW_CTX_EXECUTION_DATE='2025-08-19T11:41:08.795713+00:00' AIRFLOW_CTX_TRY_NUMBER='2' AIRFLOW_CTX_DAG_RUN_ID='manual__2025-08-19T11:41:08.795713+00:00'
[2025-08-19T11:46:13.639+0000] {logging_mixin.py:190} INFO - Task instance is in running state
[2025-08-19T11:46:13.640+0000] {logging_mixin.py:190} INFO -  Previous state of the Task instance: queued
[2025-08-19T11:46:13.640+0000] {logging_mixin.py:190} INFO - Current task name:dbt_run state:running start_date:2025-08-19 11:46:13.471050+00:00
[2025-08-19T11:46:13.641+0000] {logging_mixin.py:190} INFO - Dag name:dbt_workflow and current dag run status:running
[2025-08-19T11:46:13.642+0000] {taskinstance.py:731} INFO - ::endgroup::
[2025-08-19T11:46:13.643+0000] {subprocess.py:63} INFO - Tmp dir root location: /tmp
[2025-08-19T11:46:13.644+0000] {subprocess.py:75} INFO - Running command: ['/usr/bin/bash', '-c', 'cd /opt/***/dwh_project && dbt run']
[2025-08-19T11:46:13.656+0000] {subprocess.py:86} INFO - Output:
[2025-08-19T11:46:16.194+0000] {subprocess.py:93} INFO - [0m11:46:16  Running with dbt=1.9.0
[2025-08-19T11:46:17.344+0000] {subprocess.py:93} INFO - [0m11:46:17  Registered adapter: snowflake=1.9.0
[2025-08-19T11:46:18.055+0000] {subprocess.py:93} INFO - [0m11:46:18  Found 5 models, 2 data tests, 4 sources, 473 macros
[2025-08-19T11:46:18.059+0000] {subprocess.py:93} INFO - [0m11:46:18
[2025-08-19T11:46:18.059+0000] {subprocess.py:93} INFO - [0m11:46:18  Concurrency: 4 threads (target='dev')
[2025-08-19T11:46:18.060+0000] {subprocess.py:93} INFO - [0m11:46:18
[2025-08-19T11:46:19.550+0000] {subprocess.py:93} INFO - [0m11:46:19  1 of 5 START sql view model RAW.stg_customers .................................. [RUN]
[2025-08-19T11:46:19.552+0000] {subprocess.py:93} INFO - [0m11:46:19  2 of 5 START sql view model RAW.stg_order_items ................................ [RUN]
[2025-08-19T11:46:19.552+0000] {subprocess.py:93} INFO - [0m11:46:19  3 of 5 START sql view model RAW.stg_orders ..................................... [RUN]
[2025-08-19T11:46:19.554+0000] {subprocess.py:93} INFO - [0m11:46:19  4 of 5 START sql view model RAW.stg_products ................................... [RUN]
[2025-08-19T11:46:20.036+0000] {subprocess.py:93} INFO - [0m11:46:20  1 of 5 OK created sql view model RAW.stg_customers ............................. [[32mSUCCESS 1[0m in 0.48s]
[2025-08-19T11:46:20.491+0000] {subprocess.py:93} INFO - [0m11:46:20  3 of 5 OK created sql view model RAW.stg_orders ................................ [[32mSUCCESS 1[0m in 0.93s]
[2025-08-19T11:46:20.499+0000] {subprocess.py:93} INFO - [0m11:46:20  2 of 5 OK created sql view model RAW.stg_order_items ........................... [[32mSUCCESS 1[0m in 0.94s]
[2025-08-19T11:46:20.502+0000] {subprocess.py:93} INFO - [0m11:46:20  5 of 5 START sql table model RAW.fct_daily_order_revenue ....................... [RUN]
[2025-08-19T11:46:20.644+0000] {subprocess.py:93} INFO - [0m11:46:20  4 of 5 OK created sql view model RAW.stg_products .............................. [[32mSUCCESS 1[0m in 1.09s]
[2025-08-19T11:46:21.808+0000] {subprocess.py:93} INFO - [0m11:46:21  5 of 5 OK created sql table model RAW.fct_daily_order_revenue .................. [[32mSUCCESS 1[0m in 1.30s]
[2025-08-19T11:46:30.566+0000] {subprocess.py:93} INFO - [0m11:46:30
[2025-08-19T11:46:30.566+0000] {subprocess.py:93} INFO - [0m11:46:30  Finished running 1 table model, 4 view models in 0 hours 0 minutes and 12.50 seconds (12.50s).
[2025-08-19T11:46:30.624+0000] {subprocess.py:93} INFO - [0m11:46:30
[2025-08-19T11:46:30.626+0000] {subprocess.py:93} INFO - [0m11:46:30  [32mCompleted successfully[0m
[2025-08-19T11:46:30.627+0000] {subprocess.py:93} INFO - [0m11:46:30
[2025-08-19T11:46:30.629+0000] {subprocess.py:93} INFO - [0m11:46:30  Done. PASS=5 WARN=0 ERROR=0 SKIP=0 TOTAL=5
[2025-08-19T11:46:35.498+0000] {subprocess.py:97} INFO - Command exited with return code 0
[2025-08-19T11:46:35.522+0000] {taskinstance.py:340} INFO - ::group::Post task execution logs
[2025-08-19T11:46:35.523+0000] {taskinstance.py:352} INFO - Marking task as SUCCESS. dag_id=dbt_workflow, task_id=dbt_run, run_id=manual__2025-08-19T11:41:08.795713+00:00, execution_date=20250819T114108, start_date=20250819T114613, end_date=20250819T114635
[2025-08-19T11:46:35.535+0000] {logging_mixin.py:190} INFO - Task instance in success state
[2025-08-19T11:46:35.535+0000] {logging_mixin.py:190} INFO -  Previous state of the Task instance: running
[2025-08-19T11:46:35.536+0000] {logging_mixin.py:190} INFO - Dag name:dbt_workflow queued_at:2025-08-19 11:41:08.810100+00:00
[2025-08-19T11:46:35.536+0000] {logging_mixin.py:190} INFO - Task hostname:ae4c81986ed9 operator:BashOperator
[2025-08-19T11:46:35.554+0000] {local_task_job_runner.py:266} INFO - Task exited with return code 0
[2025-08-19T11:46:35.572+0000] {taskinstance.py:3900} INFO - 1 downstream tasks scheduled from follow-on schedule check
[2025-08-19T11:46:35.574+0000] {local_task_job_runner.py:245} INFO - ::endgroup::
